{"/home/travis/build/AriChivukula/opinionated.baby/build/2/website/util.js": {"path":"/home/travis/build/AriChivukula/opinionated.baby/build/2/website/util.js","statementMap":{"0":{"start":{"line":3,"column":0},"end":{"line":5,"column":3}},"1":{"start":{"line":6,"column":0},"end":{"line":6,"column":20}},"2":{"start":{"line":16,"column":17},"end":{"line":16,"column":90}},"3":{"start":{"line":19,"column":2},"end":{"line":24,"column":3}},"4":{"start":{"line":21,"column":4},"end":{"line":21,"column":26}},"5":{"start":{"line":23,"column":4},"end":{"line":23,"column":21}}},"fnMap":{"0":{"name":"goto","decl":{"start":{"line":15,"column":9},"end":{"line":15,"column":13}},"loc":{"start":{"line":15,"column":19},"end":{"line":27,"column":1}},"line":15}},"branchMap":{"0":{"loc":{"start":{"line":16,"column":17},"end":{"line":16,"column":90}},"type":"cond-expr","locations":[{"start":{"line":16,"column":70},"end":{"line":16,"column":82}},{"start":{"line":16,"column":85},"end":{"line":16,"column":90}}],"line":16},"1":{"loc":{"start":{"line":16,"column":17},"end":{"line":16,"column":67}},"type":"binary-expr","locations":[{"start":{"line":16,"column":17},"end":{"line":16,"column":37}},{"start":{"line":16,"column":41},"end":{"line":16,"column":67}}],"line":16},"2":{"loc":{"start":{"line":19,"column":2},"end":{"line":24,"column":3}},"type":"if","locations":[{"start":{"line":19,"column":2},"end":{"line":24,"column":3}},{"start":{"line":19,"column":2},"end":{"line":24,"column":3}}],"line":19}},"s":{"0":1,"1":1,"2":0,"3":0,"4":0,"5":0},"f":{"0":0},"b":{"0":[0,0],"1":[0,0],"2":[0,0]},"_coverageSchema":"332fd63041d2c1bcb487cc26dd0d5f7d97098a6c","hash":"4e63d7de2093556cc46e8d5c3c6787cfe3dea46b"}
,"/home/travis/build/AriChivukula/opinionated.baby/build/2/website/views/Content.js": {"path":"/home/travis/build/AriChivukula/opinionated.baby/build/2/website/views/Content.js","statementMap":{"0":{"start":{"line":3,"column":0},"end":{"line":5,"column":3}},"1":{"start":{"line":6,"column":0},"end":{"line":6,"column":46}},"2":{"start":{"line":8,"column":12},"end":{"line":8,"column":53}},"3":{"start":{"line":10,"column":12},"end":{"line":10,"column":32}},"4":{"start":{"line":12,"column":12},"end":{"line":12,"column":32}},"5":{"start":{"line":14,"column":12},"end":{"line":14,"column":32}},"6":{"start":{"line":16,"column":18},"end":{"line":16,"column":44}},"7":{"start":{"line":18,"column":12},"end":{"line":18,"column":30}},"8":{"start":{"line":20,"column":40},"end":{"line":20,"column":470}},"9":{"start":{"line":20,"column":69},"end":{"line":20,"column":80}},"10":{"start":{"line":20,"column":103},"end":{"line":20,"column":105}},"11":{"start":{"line":20,"column":107},"end":{"line":20,"column":431}},"12":{"start":{"line":20,"column":126},"end":{"line":20,"column":429}},"13":{"start":{"line":20,"column":149},"end":{"line":20,"column":427}},"14":{"start":{"line":20,"column":214},"end":{"line":20,"column":319}},"15":{"start":{"line":20,"column":321},"end":{"line":20,"column":425}},"16":{"start":{"line":20,"column":349},"end":{"line":20,"column":390}},"17":{"start":{"line":20,"column":400},"end":{"line":20,"column":423}},"18":{"start":{"line":20,"column":432},"end":{"line":20,"column":453}},"19":{"start":{"line":20,"column":454},"end":{"line":20,"column":468}},"20":{"start":{"line":31,"column":12},"end":{"line":111,"column":2}},"21":{"start":{"line":112,"column":15},"end":{"line":152,"column":2}},"22":{"start":{"line":157,"column":2},"end":{"line":237,"column":6}},"23":{"start":{"line":170,"column":6},"end":{"line":170,"column":75}},"24":{"start":{"line":178,"column":4},"end":{"line":191,"column":10}},"25":{"start":{"line":185,"column":8},"end":{"line":185,"column":35}},"26":{"start":{"line":209,"column":6},"end":{"line":209,"column":59}},"27":{"start":{"line":217,"column":4},"end":{"line":236,"column":117}},"28":{"start":{"line":222,"column":8},"end":{"line":222,"column":116}}},"fnMap":{"0":{"name":"_interopRequireWildcard","decl":{"start":{"line":20,"column":9},"end":{"line":20,"column":32}},"loc":{"start":{"line":20,"column":38},"end":{"line":20,"column":472}},"line":20},"1":{"name":"_Content","decl":{"start":{"line":155,"column":9},"end":{"line":155,"column":17}},"loc":{"start":{"line":155,"column":20},"end":{"line":239,"column":1}},"line":155},"2":{"name":"onClick","decl":{"start":{"line":169,"column":22},"end":{"line":169,"column":29}},"loc":{"start":{"line":169,"column":32},"end":{"line":171,"column":5}},"line":169},"3":{"name":"(anonymous_3)","decl":{"start":{"line":177,"column":53},"end":{"line":177,"column":54}},"loc":{"start":{"line":177,"column":76},"end":{"line":192,"column":3}},"line":177},"4":{"name":"onClick","decl":{"start":{"line":184,"column":24},"end":{"line":184,"column":31}},"loc":{"start":{"line":184,"column":34},"end":{"line":186,"column":7}},"line":184},"5":{"name":"onClick","decl":{"start":{"line":208,"column":22},"end":{"line":208,"column":29}},"loc":{"start":{"line":208,"column":32},"end":{"line":210,"column":5}},"line":208},"6":{"name":"(anonymous_6)","decl":{"start":{"line":216,"column":39},"end":{"line":216,"column":40}},"loc":{"start":{"line":216,"column":62},"end":{"line":237,"column":3}},"line":216},"7":{"name":"onClick","decl":{"start":{"line":221,"column":24},"end":{"line":221,"column":31}},"loc":{"start":{"line":221,"column":34},"end":{"line":223,"column":7}},"line":221}},"branchMap":{"0":{"loc":{"start":{"line":20,"column":40},"end":{"line":20,"column":470}},"type":"if","locations":[{"start":{"line":20,"column":40},"end":{"line":20,"column":470}},{"start":{"line":20,"column":40},"end":{"line":20,"column":470}}],"line":20},"1":{"loc":{"start":{"line":20,"column":44},"end":{"line":20,"column":65}},"type":"binary-expr","locations":[{"start":{"line":20,"column":44},"end":{"line":20,"column":47}},{"start":{"line":20,"column":51},"end":{"line":20,"column":65}}],"line":20},"2":{"loc":{"start":{"line":20,"column":107},"end":{"line":20,"column":431}},"type":"if","locations":[{"start":{"line":20,"column":107},"end":{"line":20,"column":431}},{"start":{"line":20,"column":107},"end":{"line":20,"column":431}}],"line":20},"3":{"loc":{"start":{"line":20,"column":149},"end":{"line":20,"column":427}},"type":"if","locations":[{"start":{"line":20,"column":149},"end":{"line":20,"column":427}},{"start":{"line":20,"column":149},"end":{"line":20,"column":427}}],"line":20},"4":{"loc":{"start":{"line":20,"column":214},"end":{"line":20,"column":319}},"type":"cond-expr","locations":[{"start":{"line":20,"column":273},"end":{"line":20,"column":314}},{"start":{"line":20,"column":317},"end":{"line":20,"column":319}}],"line":20},"5":{"loc":{"start":{"line":20,"column":214},"end":{"line":20,"column":270}},"type":"binary-expr","locations":[{"start":{"line":20,"column":214},"end":{"line":20,"column":235}},{"start":{"line":20,"column":239},"end":{"line":20,"column":270}}],"line":20},"6":{"loc":{"start":{"line":20,"column":321},"end":{"line":20,"column":425}},"type":"if","locations":[{"start":{"line":20,"column":321},"end":{"line":20,"column":425}},{"start":{"line":20,"column":321},"end":{"line":20,"column":425}}],"line":20},"7":{"loc":{"start":{"line":20,"column":325},"end":{"line":20,"column":345}},"type":"binary-expr","locations":[{"start":{"line":20,"column":325},"end":{"line":20,"column":333}},{"start":{"line":20,"column":337},"end":{"line":20,"column":345}}],"line":20}},"s":{"0":1,"1":1,"2":1,"3":1,"4":1,"5":1,"6":1,"7":1,"8":1,"9":0,"10":1,"11":1,"12":1,"13":16,"14":16,"15":16,"16":0,"17":16,"18":1,"19":1,"20":1,"21":1,"22":4,"23":0,"24":64,"25":0,"26":0,"27":40,"28":0},"f":{"0":1,"1":4,"2":0,"3":64,"4":0,"5":0,"6":40,"7":0},"b":{"0":[0,1],"1":[1,1],"2":[1,0],"3":[16,0],"4":[16,0],"5":[16,16],"6":[0,16],"7":[16,16]},"_coverageSchema":"332fd63041d2c1bcb487cc26dd0d5f7d97098a6c","hash":"f3b69f07ab39a758916d9d8c01a437b538d801de"}
,"/home/travis/build/AriChivukula/opinionated.baby/build/2/website/views/FourOhFour.js": {"path":"/home/travis/build/AriChivukula/opinionated.baby/build/2/website/views/FourOhFour.js","statementMap":{"0":{"start":{"line":3,"column":0},"end":{"line":5,"column":3}},"1":{"start":{"line":6,"column":0},"end":{"line":6,"column":55}},"2":{"start":{"line":8,"column":12},"end":{"line":8,"column":53}},"3":{"start":{"line":10,"column":22},"end":{"line":10,"column":49}},"4":{"start":{"line":12,"column":18},"end":{"line":12,"column":44}},"5":{"start":{"line":14,"column":40},"end":{"line":14,"column":470}},"6":{"start":{"line":14,"column":69},"end":{"line":14,"column":80}},"7":{"start":{"line":14,"column":103},"end":{"line":14,"column":105}},"8":{"start":{"line":14,"column":107},"end":{"line":14,"column":431}},"9":{"start":{"line":14,"column":126},"end":{"line":14,"column":429}},"10":{"start":{"line":14,"column":149},"end":{"line":14,"column":427}},"11":{"start":{"line":14,"column":214},"end":{"line":14,"column":319}},"12":{"start":{"line":14,"column":321},"end":{"line":14,"column":425}},"13":{"start":{"line":14,"column":349},"end":{"line":14,"column":390}},"14":{"start":{"line":14,"column":400},"end":{"line":14,"column":423}},"15":{"start":{"line":14,"column":432},"end":{"line":14,"column":453}},"16":{"start":{"line":14,"column":454},"end":{"line":14,"column":468}},"17":{"start":{"line":29,"column":2},"end":{"line":34,"column":20}}},"fnMap":{"0":{"name":"_interopRequireWildcard","decl":{"start":{"line":14,"column":9},"end":{"line":14,"column":32}},"loc":{"start":{"line":14,"column":38},"end":{"line":14,"column":472}},"line":14},"1":{"name":"_FourOhFour","decl":{"start":{"line":27,"column":9},"end":{"line":27,"column":20}},"loc":{"start":{"line":27,"column":23},"end":{"line":36,"column":1}},"line":27}},"branchMap":{"0":{"loc":{"start":{"line":14,"column":40},"end":{"line":14,"column":470}},"type":"if","locations":[{"start":{"line":14,"column":40},"end":{"line":14,"column":470}},{"start":{"line":14,"column":40},"end":{"line":14,"column":470}}],"line":14},"1":{"loc":{"start":{"line":14,"column":44},"end":{"line":14,"column":65}},"type":"binary-expr","locations":[{"start":{"line":14,"column":44},"end":{"line":14,"column":47}},{"start":{"line":14,"column":51},"end":{"line":14,"column":65}}],"line":14},"2":{"loc":{"start":{"line":14,"column":107},"end":{"line":14,"column":431}},"type":"if","locations":[{"start":{"line":14,"column":107},"end":{"line":14,"column":431}},{"start":{"line":14,"column":107},"end":{"line":14,"column":431}}],"line":14},"3":{"loc":{"start":{"line":14,"column":149},"end":{"line":14,"column":427}},"type":"if","locations":[{"start":{"line":14,"column":149},"end":{"line":14,"column":427}},{"start":{"line":14,"column":149},"end":{"line":14,"column":427}}],"line":14},"4":{"loc":{"start":{"line":14,"column":214},"end":{"line":14,"column":319}},"type":"cond-expr","locations":[{"start":{"line":14,"column":273},"end":{"line":14,"column":314}},{"start":{"line":14,"column":317},"end":{"line":14,"column":319}}],"line":14},"5":{"loc":{"start":{"line":14,"column":214},"end":{"line":14,"column":270}},"type":"binary-expr","locations":[{"start":{"line":14,"column":214},"end":{"line":14,"column":235}},{"start":{"line":14,"column":239},"end":{"line":14,"column":270}}],"line":14},"6":{"loc":{"start":{"line":14,"column":321},"end":{"line":14,"column":425}},"type":"if","locations":[{"start":{"line":14,"column":321},"end":{"line":14,"column":425}},{"start":{"line":14,"column":321},"end":{"line":14,"column":425}}],"line":14},"7":{"loc":{"start":{"line":14,"column":325},"end":{"line":14,"column":345}},"type":"binary-expr","locations":[{"start":{"line":14,"column":325},"end":{"line":14,"column":333}},{"start":{"line":14,"column":337},"end":{"line":14,"column":345}}],"line":14}},"s":{"0":1,"1":1,"2":1,"3":1,"4":1,"5":1,"6":0,"7":1,"8":1,"9":1,"10":16,"11":16,"12":16,"13":0,"14":16,"15":1,"16":1,"17":2},"f":{"0":1,"1":2},"b":{"0":[0,1],"1":[1,1],"2":[1,0],"3":[16,0],"4":[16,0],"5":[16,16],"6":[0,16],"7":[16,16]},"_coverageSchema":"332fd63041d2c1bcb487cc26dd0d5f7d97098a6c","hash":"86c22cc0084b49fcd4f6d61b8762257e9ec649a2"}
,"/home/travis/build/AriChivukula/opinionated.baby/build/2/website/views/Page.js": {"path":"/home/travis/build/AriChivukula/opinionated.baby/build/2/website/views/Page.js","statementMap":{"0":{"start":{"line":3,"column":0},"end":{"line":5,"column":3}},"1":{"start":{"line":6,"column":0},"end":{"line":6,"column":22}},"2":{"start":{"line":8,"column":12},"end":{"line":8,"column":53}},"3":{"start":{"line":10,"column":22},"end":{"line":10,"column":52}},"4":{"start":{"line":12,"column":15},"end":{"line":12,"column":35}},"5":{"start":{"line":14,"column":14},"end":{"line":14,"column":33}},"6":{"start":{"line":16,"column":40},"end":{"line":16,"column":470}},"7":{"start":{"line":16,"column":69},"end":{"line":16,"column":80}},"8":{"start":{"line":16,"column":103},"end":{"line":16,"column":105}},"9":{"start":{"line":16,"column":107},"end":{"line":16,"column":431}},"10":{"start":{"line":16,"column":126},"end":{"line":16,"column":429}},"11":{"start":{"line":16,"column":149},"end":{"line":16,"column":427}},"12":{"start":{"line":16,"column":214},"end":{"line":16,"column":319}},"13":{"start":{"line":16,"column":321},"end":{"line":16,"column":425}},"14":{"start":{"line":16,"column":349},"end":{"line":16,"column":390}},"15":{"start":{"line":16,"column":400},"end":{"line":16,"column":423}},"16":{"start":{"line":16,"column":432},"end":{"line":16,"column":453}},"17":{"start":{"line":16,"column":454},"end":{"line":16,"column":468}},"18":{"start":{"line":18,"column":24},"end":{"line":18,"column":328}},"19":{"start":{"line":18,"column":99},"end":{"line":18,"column":154}},"20":{"start":{"line":18,"column":133},"end":{"line":18,"column":151}},"21":{"start":{"line":18,"column":164},"end":{"line":18,"column":326}},"22":{"start":{"line":18,"column":198},"end":{"line":18,"column":323}},"23":{"start":{"line":18,"column":329},"end":{"line":18,"column":349}},"24":{"start":{"line":20,"column":50},"end":{"line":20,"column":151}},"25":{"start":{"line":20,"column":92},"end":{"line":20,"column":149}},"26":{"start":{"line":22,"column":44},"end":{"line":22,"column":315}},"27":{"start":{"line":22,"column":102},"end":{"line":22,"column":110}},"28":{"start":{"line":22,"column":112},"end":{"line":22,"column":167}},"29":{"start":{"line":22,"column":168},"end":{"line":22,"column":199}},"30":{"start":{"line":22,"column":200},"end":{"line":22,"column":254}},"31":{"start":{"line":22,"column":227},"end":{"line":22,"column":254}},"32":{"start":{"line":22,"column":255},"end":{"line":22,"column":313}},"33":{"start":{"line":24,"column":62},"end":{"line":24,"column":131}},"34":{"start":{"line":24,"column":78},"end":{"line":24,"column":131}},"35":{"start":{"line":24,"column":132},"end":{"line":24,"column":193}},"36":{"start":{"line":24,"column":149},"end":{"line":24,"column":193}},"37":{"start":{"line":24,"column":194},"end":{"line":24,"column":213}},"38":{"start":{"line":26,"column":50},"end":{"line":26,"column":138}},"39":{"start":{"line":26,"column":124},"end":{"line":26,"column":136}},"40":{"start":{"line":26,"column":139},"end":{"line":26,"column":175}},"41":{"start":{"line":28,"column":40},"end":{"line":28,"column":151}},"42":{"start":{"line":28,"column":63},"end":{"line":28,"column":149}},"43":{"start":{"line":28,"column":152},"end":{"line":28,"column":164}},"44":{"start":{"line":30,"column":30},"end":{"line":30,"column":176}},"45":{"start":{"line":30,"column":126},"end":{"line":30,"column":173}},"46":{"start":{"line":30,"column":177},"end":{"line":30,"column":203}},"47":{"start":{"line":32,"column":43},"end":{"line":32,"column":182}},"48":{"start":{"line":32,"column":106},"end":{"line":32,"column":180}},"49":{"start":{"line":32,"column":183},"end":{"line":32,"column":328}},"50":{"start":{"line":32,"column":329},"end":{"line":32,"column":383}},"51":{"start":{"line":32,"column":345},"end":{"line":32,"column":383}},"52":{"start":{"line":34,"column":33},"end":{"line":34,"column":138}},"53":{"start":{"line":34,"column":109},"end":{"line":34,"column":125}},"54":{"start":{"line":34,"column":126},"end":{"line":34,"column":135}},"55":{"start":{"line":34,"column":139},"end":{"line":34,"column":168}},"56":{"start":{"line":38,"column":0},"end":{"line":70,"column":18}},"57":{"start":{"line":39,"column":2},"end":{"line":39,"column":37}},"58":{"start":{"line":42,"column":4},"end":{"line":42,"column":33}},"59":{"start":{"line":44,"column":4},"end":{"line":44,"column":91}},"60":{"start":{"line":47,"column":2},"end":{"line":67,"column":6}},"61":{"start":{"line":51,"column":21},"end":{"line":51,"column":50}},"62":{"start":{"line":53,"column":6},"end":{"line":63,"column":7}},"63":{"start":{"line":54,"column":8},"end":{"line":56,"column":11}},"64":{"start":{"line":57,"column":13},"end":{"line":63,"column":7}},"65":{"start":{"line":58,"column":8},"end":{"line":60,"column":12}},"66":{"start":{"line":62,"column":8},"end":{"line":62,"column":170}},"67":{"start":{"line":69,"column":2},"end":{"line":69,"column":15}},"68":{"start":{"line":72,"column":0},"end":{"line":72,"column":21}}},"fnMap":{"0":{"name":"_interopRequireWildcard","decl":{"start":{"line":16,"column":9},"end":{"line":16,"column":32}},"loc":{"start":{"line":16,"column":38},"end":{"line":16,"column":472}},"line":16},"1":{"name":"_typeof","decl":{"start":{"line":18,"column":9},"end":{"line":18,"column":16}},"loc":{"start":{"line":18,"column":22},"end":{"line":18,"column":351}},"line":18},"2":{"name":"_typeof","decl":{"start":{"line":18,"column":118},"end":{"line":18,"column":125}},"loc":{"start":{"line":18,"column":131},"end":{"line":18,"column":153}},"line":18},"3":{"name":"_typeof","decl":{"start":{"line":18,"column":183},"end":{"line":18,"column":190}},"loc":{"start":{"line":18,"column":196},"end":{"line":18,"column":325}},"line":18},"4":{"name":"_classCallCheck","decl":{"start":{"line":20,"column":9},"end":{"line":20,"column":24}},"loc":{"start":{"line":20,"column":48},"end":{"line":20,"column":153}},"line":20},"5":{"name":"_defineProperties","decl":{"start":{"line":22,"column":9},"end":{"line":22,"column":26}},"loc":{"start":{"line":22,"column":42},"end":{"line":22,"column":317}},"line":22},"6":{"name":"_createClass","decl":{"start":{"line":24,"column":9},"end":{"line":24,"column":21}},"loc":{"start":{"line":24,"column":60},"end":{"line":24,"column":215}},"line":24},"7":{"name":"_possibleConstructorReturn","decl":{"start":{"line":26,"column":9},"end":{"line":26,"column":35}},"loc":{"start":{"line":26,"column":48},"end":{"line":26,"column":177}},"line":26},"8":{"name":"_assertThisInitialized","decl":{"start":{"line":28,"column":9},"end":{"line":28,"column":31}},"loc":{"start":{"line":28,"column":38},"end":{"line":28,"column":166}},"line":28},"9":{"name":"_getPrototypeOf","decl":{"start":{"line":30,"column":9},"end":{"line":30,"column":24}},"loc":{"start":{"line":30,"column":28},"end":{"line":30,"column":205}},"line":30},"10":{"name":"_getPrototypeOf","decl":{"start":{"line":30,"column":105},"end":{"line":30,"column":120}},"loc":{"start":{"line":30,"column":124},"end":{"line":30,"column":175}},"line":30},"11":{"name":"_inherits","decl":{"start":{"line":32,"column":9},"end":{"line":32,"column":18}},"loc":{"start":{"line":32,"column":41},"end":{"line":32,"column":385}},"line":32},"12":{"name":"_setPrototypeOf","decl":{"start":{"line":34,"column":9},"end":{"line":34,"column":24}},"loc":{"start":{"line":34,"column":31},"end":{"line":34,"column":170}},"line":34},"13":{"name":"_setPrototypeOf","decl":{"start":{"line":34,"column":85},"end":{"line":34,"column":100}},"loc":{"start":{"line":34,"column":107},"end":{"line":34,"column":137}},"line":34},"14":{"name":"(anonymous_14)","decl":{"start":{"line":38,"column":0},"end":{"line":38,"column":1}},"loc":{"start":{"line":38,"column":28},"end":{"line":70,"column":1}},"line":38},"15":{"name":"_Page","decl":{"start":{"line":41,"column":11},"end":{"line":41,"column":16}},"loc":{"start":{"line":41,"column":19},"end":{"line":45,"column":3}},"line":41},"16":{"name":"render","decl":{"start":{"line":49,"column":20},"end":{"line":49,"column":26}},"loc":{"start":{"line":49,"column":29},"end":{"line":66,"column":5}},"line":49}},"branchMap":{"0":{"loc":{"start":{"line":16,"column":40},"end":{"line":16,"column":470}},"type":"if","locations":[{"start":{"line":16,"column":40},"end":{"line":16,"column":470}},{"start":{"line":16,"column":40},"end":{"line":16,"column":470}}],"line":16},"1":{"loc":{"start":{"line":16,"column":44},"end":{"line":16,"column":65}},"type":"binary-expr","locations":[{"start":{"line":16,"column":44},"end":{"line":16,"column":47}},{"start":{"line":16,"column":51},"end":{"line":16,"column":65}}],"line":16},"2":{"loc":{"start":{"line":16,"column":107},"end":{"line":16,"column":431}},"type":"if","locations":[{"start":{"line":16,"column":107},"end":{"line":16,"column":431}},{"start":{"line":16,"column":107},"end":{"line":16,"column":431}}],"line":16},"3":{"loc":{"start":{"line":16,"column":149},"end":{"line":16,"column":427}},"type":"if","locations":[{"start":{"line":16,"column":149},"end":{"line":16,"column":427}},{"start":{"line":16,"column":149},"end":{"line":16,"column":427}}],"line":16},"4":{"loc":{"start":{"line":16,"column":214},"end":{"line":16,"column":319}},"type":"cond-expr","locations":[{"start":{"line":16,"column":273},"end":{"line":16,"column":314}},{"start":{"line":16,"column":317},"end":{"line":16,"column":319}}],"line":16},"5":{"loc":{"start":{"line":16,"column":214},"end":{"line":16,"column":270}},"type":"binary-expr","locations":[{"start":{"line":16,"column":214},"end":{"line":16,"column":235}},{"start":{"line":16,"column":239},"end":{"line":16,"column":270}}],"line":16},"6":{"loc":{"start":{"line":16,"column":321},"end":{"line":16,"column":425}},"type":"if","locations":[{"start":{"line":16,"column":321},"end":{"line":16,"column":425}},{"start":{"line":16,"column":321},"end":{"line":16,"column":425}}],"line":16},"7":{"loc":{"start":{"line":16,"column":325},"end":{"line":16,"column":345}},"type":"binary-expr","locations":[{"start":{"line":16,"column":325},"end":{"line":16,"column":333}},{"start":{"line":16,"column":337},"end":{"line":16,"column":345}}],"line":16},"8":{"loc":{"start":{"line":18,"column":24},"end":{"line":18,"column":328}},"type":"if","locations":[{"start":{"line":18,"column":24},"end":{"line":18,"column":328}},{"start":{"line":18,"column":24},"end":{"line":18,"column":328}}],"line":18},"9":{"loc":{"start":{"line":18,"column":28},"end":{"line":18,"column":95}},"type":"binary-expr","locations":[{"start":{"line":18,"column":28},"end":{"line":18,"column":56}},{"start":{"line":18,"column":60},"end":{"line":18,"column":95}}],"line":18},"10":{"loc":{"start":{"line":18,"column":205},"end":{"line":18,"column":322}},"type":"cond-expr","locations":[{"start":{"line":18,"column":301},"end":{"line":18,"column":309}},{"start":{"line":18,"column":312},"end":{"line":18,"column":322}}],"line":18},"11":{"loc":{"start":{"line":18,"column":205},"end":{"line":18,"column":298}},"type":"binary-expr","locations":[{"start":{"line":18,"column":205},"end":{"line":18,"column":208}},{"start":{"line":18,"column":212},"end":{"line":18,"column":240}},{"start":{"line":18,"column":244},"end":{"line":18,"column":270}},{"start":{"line":18,"column":274},"end":{"line":18,"column":298}}],"line":18},"12":{"loc":{"start":{"line":20,"column":50},"end":{"line":20,"column":151}},"type":"if","locations":[{"start":{"line":20,"column":50},"end":{"line":20,"column":151}},{"start":{"line":20,"column":50},"end":{"line":20,"column":151}}],"line":20},"13":{"loc":{"start":{"line":22,"column":136},"end":{"line":22,"column":166}},"type":"binary-expr","locations":[{"start":{"line":22,"column":136},"end":{"line":22,"column":157}},{"start":{"line":22,"column":161},"end":{"line":22,"column":166}}],"line":22},"14":{"loc":{"start":{"line":22,"column":200},"end":{"line":22,"column":254}},"type":"if","locations":[{"start":{"line":22,"column":200},"end":{"line":22,"column":254}},{"start":{"line":22,"column":200},"end":{"line":22,"column":254}}],"line":22},"15":{"loc":{"start":{"line":24,"column":62},"end":{"line":24,"column":131}},"type":"if","locations":[{"start":{"line":24,"column":62},"end":{"line":24,"column":131}},{"start":{"line":24,"column":62},"end":{"line":24,"column":131}}],"line":24},"16":{"loc":{"start":{"line":24,"column":132},"end":{"line":24,"column":193}},"type":"if","locations":[{"start":{"line":24,"column":132},"end":{"line":24,"column":193}},{"start":{"line":24,"column":132},"end":{"line":24,"column":193}}],"line":24},"17":{"loc":{"start":{"line":26,"column":50},"end":{"line":26,"column":138}},"type":"if","locations":[{"start":{"line":26,"column":50},"end":{"line":26,"column":138}},{"start":{"line":26,"column":50},"end":{"line":26,"column":138}}],"line":26},"18":{"loc":{"start":{"line":26,"column":54},"end":{"line":26,"column":120}},"type":"binary-expr","locations":[{"start":{"line":26,"column":54},"end":{"line":26,"column":58}},{"start":{"line":26,"column":63},"end":{"line":26,"column":89}},{"start":{"line":26,"column":93},"end":{"line":26,"column":119}}],"line":26},"19":{"loc":{"start":{"line":28,"column":40},"end":{"line":28,"column":151}},"type":"if","locations":[{"start":{"line":28,"column":40},"end":{"line":28,"column":151}},{"start":{"line":28,"column":40},"end":{"line":28,"column":151}}],"line":28},"20":{"loc":{"start":{"line":30,"column":48},"end":{"line":30,"column":175}},"type":"cond-expr","locations":[{"start":{"line":30,"column":72},"end":{"line":30,"column":93}},{"start":{"line":30,"column":96},"end":{"line":30,"column":175}}],"line":30},"21":{"loc":{"start":{"line":30,"column":133},"end":{"line":30,"column":172}},"type":"binary-expr","locations":[{"start":{"line":30,"column":133},"end":{"line":30,"column":144}},{"start":{"line":30,"column":148},"end":{"line":30,"column":172}}],"line":30},"22":{"loc":{"start":{"line":32,"column":43},"end":{"line":32,"column":182}},"type":"if","locations":[{"start":{"line":32,"column":43},"end":{"line":32,"column":182}},{"start":{"line":32,"column":43},"end":{"line":32,"column":182}}],"line":32},"23":{"loc":{"start":{"line":32,"column":47},"end":{"line":32,"column":102}},"type":"binary-expr","locations":[{"start":{"line":32,"column":47},"end":{"line":32,"column":79}},{"start":{"line":32,"column":83},"end":{"line":32,"column":102}}],"line":32},"24":{"loc":{"start":{"line":32,"column":218},"end":{"line":32,"column":252}},"type":"binary-expr","locations":[{"start":{"line":32,"column":218},"end":{"line":32,"column":228}},{"start":{"line":32,"column":232},"end":{"line":32,"column":252}}],"line":32},"25":{"loc":{"start":{"line":32,"column":329},"end":{"line":32,"column":383}},"type":"if","locations":[{"start":{"line":32,"column":329},"end":{"line":32,"column":383}},{"start":{"line":32,"column":329},"end":{"line":32,"column":383}}],"line":32},"26":{"loc":{"start":{"line":34,"column":51},"end":{"line":34,"column":137}},"type":"binary-expr","locations":[{"start":{"line":34,"column":51},"end":{"line":34,"column":72}},{"start":{"line":34,"column":76},"end":{"line":34,"column":137}}],"line":34},"27":{"loc":{"start":{"line":53,"column":6},"end":{"line":63,"column":7}},"type":"if","locations":[{"start":{"line":53,"column":6},"end":{"line":63,"column":7}},{"start":{"line":53,"column":6},"end":{"line":63,"column":7}}],"line":53},"28":{"loc":{"start":{"line":57,"column":13},"end":{"line":63,"column":7}},"type":"if","locations":[{"start":{"line":57,"column":13},"end":{"line":63,"column":7}},{"start":{"line":57,"column":13},"end":{"line":63,"column":7}}],"line":57}},"s":{"0":1,"1":1,"2":1,"3":1,"4":1,"5":1,"6":1,"7":0,"8":1,"9":1,"10":1,"11":16,"12":16,"13":16,"14":0,"15":16,"16":1,"17":1,"18":0,"19":0,"20":0,"21":0,"22":0,"23":0,"24":6,"25":0,"26":1,"27":1,"28":1,"29":1,"30":1,"31":1,"32":1,"33":1,"34":1,"35":1,"36":0,"37":1,"38":6,"39":0,"40":6,"41":6,"42":0,"43":6,"44":1,"45":0,"46":1,"47":1,"48":0,"49":1,"50":1,"51":1,"52":1,"53":0,"54":0,"55":1,"56":1,"57":1,"58":6,"59":6,"60":1,"61":6,"62":6,"63":2,"64":4,"65":0,"66":4,"67":1,"68":1},"f":{"0":1,"1":0,"2":0,"3":0,"4":6,"5":1,"6":1,"7":6,"8":6,"9":1,"10":0,"11":1,"12":1,"13":0,"14":1,"15":6,"16":6},"b":{"0":[0,1],"1":[1,1],"2":[1,0],"3":[16,0],"4":[16,0],"5":[16,16],"6":[0,16],"7":[16,16],"8":[0,0],"9":[0,0],"10":[0,0],"11":[0,0,0,0],"12":[0,6],"13":[1,1],"14":[1,0],"15":[1,0],"16":[0,1],"17":[0,6],"18":[6,0,0],"19":[0,6],"20":[1,0],"21":[0,0],"22":[0,1],"23":[1,0],"24":[1,1],"25":[1,0],"26":[1,0],"27":[2,4],"28":[0,4]},"_coverageSchema":"332fd63041d2c1bcb487cc26dd0d5f7d97098a6c","hash":"a75c1a88f63dc6637b6800877f17f268b2cb23cb"}
,"/home/travis/build/AriChivukula/opinionated.baby/build/2/website/views/TopBar.js": {"path":"/home/travis/build/AriChivukula/opinionated.baby/build/2/website/views/TopBar.js","statementMap":{"0":{"start":{"line":3,"column":0},"end":{"line":5,"column":3}},"1":{"start":{"line":6,"column":0},"end":{"line":6,"column":24}},"2":{"start":{"line":8,"column":12},"end":{"line":8,"column":53}},"3":{"start":{"line":10,"column":18},"end":{"line":10,"column":40}},"4":{"start":{"line":12,"column":13},"end":{"line":12,"column":58}},"5":{"start":{"line":14,"column":15},"end":{"line":14,"column":38}},"6":{"start":{"line":16,"column":12},"end":{"line":16,"column":30}},"7":{"start":{"line":20,"column":40},"end":{"line":20,"column":470}},"8":{"start":{"line":20,"column":69},"end":{"line":20,"column":80}},"9":{"start":{"line":20,"column":103},"end":{"line":20,"column":105}},"10":{"start":{"line":20,"column":107},"end":{"line":20,"column":431}},"11":{"start":{"line":20,"column":126},"end":{"line":20,"column":429}},"12":{"start":{"line":20,"column":149},"end":{"line":20,"column":427}},"13":{"start":{"line":20,"column":214},"end":{"line":20,"column":319}},"14":{"start":{"line":20,"column":321},"end":{"line":20,"column":425}},"15":{"start":{"line":20,"column":349},"end":{"line":20,"column":390}},"16":{"start":{"line":20,"column":400},"end":{"line":20,"column":423}},"17":{"start":{"line":20,"column":432},"end":{"line":20,"column":453}},"18":{"start":{"line":20,"column":454},"end":{"line":20,"column":468}},"19":{"start":{"line":22,"column":24},"end":{"line":22,"column":328}},"20":{"start":{"line":22,"column":99},"end":{"line":22,"column":154}},"21":{"start":{"line":22,"column":133},"end":{"line":22,"column":151}},"22":{"start":{"line":22,"column":164},"end":{"line":22,"column":326}},"23":{"start":{"line":22,"column":198},"end":{"line":22,"column":323}},"24":{"start":{"line":22,"column":329},"end":{"line":22,"column":349}},"25":{"start":{"line":24,"column":50},"end":{"line":24,"column":151}},"26":{"start":{"line":24,"column":92},"end":{"line":24,"column":149}},"27":{"start":{"line":26,"column":44},"end":{"line":26,"column":315}},"28":{"start":{"line":26,"column":102},"end":{"line":26,"column":110}},"29":{"start":{"line":26,"column":112},"end":{"line":26,"column":167}},"30":{"start":{"line":26,"column":168},"end":{"line":26,"column":199}},"31":{"start":{"line":26,"column":200},"end":{"line":26,"column":254}},"32":{"start":{"line":26,"column":227},"end":{"line":26,"column":254}},"33":{"start":{"line":26,"column":255},"end":{"line":26,"column":313}},"34":{"start":{"line":28,"column":62},"end":{"line":28,"column":131}},"35":{"start":{"line":28,"column":78},"end":{"line":28,"column":131}},"36":{"start":{"line":28,"column":132},"end":{"line":28,"column":193}},"37":{"start":{"line":28,"column":149},"end":{"line":28,"column":193}},"38":{"start":{"line":28,"column":194},"end":{"line":28,"column":213}},"39":{"start":{"line":30,"column":50},"end":{"line":30,"column":138}},"40":{"start":{"line":30,"column":124},"end":{"line":30,"column":136}},"41":{"start":{"line":30,"column":139},"end":{"line":30,"column":175}},"42":{"start":{"line":32,"column":40},"end":{"line":32,"column":151}},"43":{"start":{"line":32,"column":63},"end":{"line":32,"column":149}},"44":{"start":{"line":32,"column":152},"end":{"line":32,"column":164}},"45":{"start":{"line":34,"column":30},"end":{"line":34,"column":176}},"46":{"start":{"line":34,"column":126},"end":{"line":34,"column":173}},"47":{"start":{"line":34,"column":177},"end":{"line":34,"column":203}},"48":{"start":{"line":36,"column":43},"end":{"line":36,"column":182}},"49":{"start":{"line":36,"column":106},"end":{"line":36,"column":180}},"50":{"start":{"line":36,"column":183},"end":{"line":36,"column":328}},"51":{"start":{"line":36,"column":329},"end":{"line":36,"column":383}},"52":{"start":{"line":36,"column":345},"end":{"line":36,"column":383}},"53":{"start":{"line":38,"column":33},"end":{"line":38,"column":138}},"54":{"start":{"line":38,"column":109},"end":{"line":38,"column":125}},"55":{"start":{"line":38,"column":126},"end":{"line":38,"column":135}},"56":{"start":{"line":38,"column":139},"end":{"line":38,"column":168}},"57":{"start":{"line":42,"column":0},"end":{"line":170,"column":18}},"58":{"start":{"line":43,"column":2},"end":{"line":43,"column":40}},"59":{"start":{"line":46,"column":4},"end":{"line":46,"column":36}},"60":{"start":{"line":48,"column":4},"end":{"line":48,"column":94}},"61":{"start":{"line":51,"column":2},"end":{"line":167,"column":6}},"62":{"start":{"line":54,"column":18},"end":{"line":54,"column":22}},"63":{"start":{"line":57,"column":21},"end":{"line":57,"column":50}},"64":{"start":{"line":59,"column":6},"end":{"line":62,"column":7}},"65":{"start":{"line":60,"column":8},"end":{"line":60,"column":54}},"66":{"start":{"line":61,"column":8},"end":{"line":61,"column":48}},"67":{"start":{"line":64,"column":18},"end":{"line":69,"column":8}},"68":{"start":{"line":67,"column":10},"end":{"line":67,"column":29}},"69":{"start":{"line":71,"column":6},"end":{"line":78,"column":7}},"70":{"start":{"line":72,"column":8},"end":{"line":77,"column":12}},"71":{"start":{"line":75,"column":12},"end":{"line":75,"column":27}},"72":{"start":{"line":80,"column":6},"end":{"line":101,"column":69}},"73":{"start":{"line":87,"column":10},"end":{"line":87,"column":74}},"74":{"start":{"line":94,"column":10},"end":{"line":94,"column":74}},"75":{"start":{"line":99,"column":10},"end":{"line":99,"column":49}},"76":{"start":{"line":109,"column":6},"end":{"line":111,"column":7}},"77":{"start":{"line":110,"column":8},"end":{"line":110,"column":56}},"78":{"start":{"line":116,"column":6},"end":{"line":138,"column":9}},"79":{"start":{"line":118,"column":21},"end":{"line":118,"column":75}},"80":{"start":{"line":120,"column":10},"end":{"line":122,"column":11}},"81":{"start":{"line":121,"column":12},"end":{"line":121,"column":175}},"82":{"start":{"line":124,"column":10},"end":{"line":124,"column":72}},"83":{"start":{"line":127,"column":10},"end":{"line":130,"column":13}},"84":{"start":{"line":131,"column":10},"end":{"line":131,"column":37}},"85":{"start":{"line":143,"column":6},"end":{"line":165,"column":9}},"86":{"start":{"line":145,"column":21},"end":{"line":145,"column":76}},"87":{"start":{"line":147,"column":10},"end":{"line":149,"column":11}},"88":{"start":{"line":148,"column":12},"end":{"line":148,"column":176}},"89":{"start":{"line":151,"column":10},"end":{"line":151,"column":73}},"90":{"start":{"line":154,"column":10},"end":{"line":157,"column":13}},"91":{"start":{"line":158,"column":10},"end":{"line":158,"column":37}},"92":{"start":{"line":169,"column":2},"end":{"line":169,"column":18}},"93":{"start":{"line":172,"column":14},"end":{"line":184,"column":2}},"94":{"start":{"line":176,"column":15},"end":{"line":176,"column":61}},"95":{"start":{"line":178,"column":4},"end":{"line":180,"column":5}},"96":{"start":{"line":179,"column":6},"end":{"line":179,"column":161}},"97":{"start":{"line":182,"column":4},"end":{"line":182,"column":58}},"98":{"start":{"line":186,"column":0},"end":{"line":186,"column":25}}},"fnMap":{"0":{"name":"_interopRequireWildcard","decl":{"start":{"line":20,"column":9},"end":{"line":20,"column":32}},"loc":{"start":{"line":20,"column":38},"end":{"line":20,"column":472}},"line":20},"1":{"name":"_typeof","decl":{"start":{"line":22,"column":9},"end":{"line":22,"column":16}},"loc":{"start":{"line":22,"column":22},"end":{"line":22,"column":351}},"line":22},"2":{"name":"_typeof","decl":{"start":{"line":22,"column":118},"end":{"line":22,"column":125}},"loc":{"start":{"line":22,"column":131},"end":{"line":22,"column":153}},"line":22},"3":{"name":"_typeof","decl":{"start":{"line":22,"column":183},"end":{"line":22,"column":190}},"loc":{"start":{"line":22,"column":196},"end":{"line":22,"column":325}},"line":22},"4":{"name":"_classCallCheck","decl":{"start":{"line":24,"column":9},"end":{"line":24,"column":24}},"loc":{"start":{"line":24,"column":48},"end":{"line":24,"column":153}},"line":24},"5":{"name":"_defineProperties","decl":{"start":{"line":26,"column":9},"end":{"line":26,"column":26}},"loc":{"start":{"line":26,"column":42},"end":{"line":26,"column":317}},"line":26},"6":{"name":"_createClass","decl":{"start":{"line":28,"column":9},"end":{"line":28,"column":21}},"loc":{"start":{"line":28,"column":60},"end":{"line":28,"column":215}},"line":28},"7":{"name":"_possibleConstructorReturn","decl":{"start":{"line":30,"column":9},"end":{"line":30,"column":35}},"loc":{"start":{"line":30,"column":48},"end":{"line":30,"column":177}},"line":30},"8":{"name":"_assertThisInitialized","decl":{"start":{"line":32,"column":9},"end":{"line":32,"column":31}},"loc":{"start":{"line":32,"column":38},"end":{"line":32,"column":166}},"line":32},"9":{"name":"_getPrototypeOf","decl":{"start":{"line":34,"column":9},"end":{"line":34,"column":24}},"loc":{"start":{"line":34,"column":28},"end":{"line":34,"column":205}},"line":34},"10":{"name":"_getPrototypeOf","decl":{"start":{"line":34,"column":105},"end":{"line":34,"column":120}},"loc":{"start":{"line":34,"column":124},"end":{"line":34,"column":175}},"line":34},"11":{"name":"_inherits","decl":{"start":{"line":36,"column":9},"end":{"line":36,"column":18}},"loc":{"start":{"line":36,"column":41},"end":{"line":36,"column":385}},"line":36},"12":{"name":"_setPrototypeOf","decl":{"start":{"line":38,"column":9},"end":{"line":38,"column":24}},"loc":{"start":{"line":38,"column":31},"end":{"line":38,"column":170}},"line":38},"13":{"name":"_setPrototypeOf","decl":{"start":{"line":38,"column":85},"end":{"line":38,"column":100}},"loc":{"start":{"line":38,"column":107},"end":{"line":38,"column":137}},"line":38},"14":{"name":"(anonymous_14)","decl":{"start":{"line":42,"column":0},"end":{"line":42,"column":1}},"loc":{"start":{"line":42,"column":28},"end":{"line":170,"column":1}},"line":42},"15":{"name":"__TopBar","decl":{"start":{"line":45,"column":11},"end":{"line":45,"column":19}},"loc":{"start":{"line":45,"column":22},"end":{"line":49,"column":3}},"line":45},"16":{"name":"render","decl":{"start":{"line":53,"column":20},"end":{"line":53,"column":26}},"loc":{"start":{"line":53,"column":29},"end":{"line":103,"column":5}},"line":53},"17":{"name":"onClick","decl":{"start":{"line":66,"column":26},"end":{"line":66,"column":33}},"loc":{"start":{"line":66,"column":36},"end":{"line":68,"column":9}},"line":66},"18":{"name":"onClick","decl":{"start":{"line":74,"column":28},"end":{"line":74,"column":35}},"loc":{"start":{"line":74,"column":38},"end":{"line":76,"column":11}},"line":74},"19":{"name":"onClick","decl":{"start":{"line":86,"column":26},"end":{"line":86,"column":33}},"loc":{"start":{"line":86,"column":36},"end":{"line":88,"column":9}},"line":86},"20":{"name":"onClick","decl":{"start":{"line":93,"column":26},"end":{"line":93,"column":33}},"loc":{"start":{"line":93,"column":36},"end":{"line":95,"column":9}},"line":93},"21":{"name":"onClick","decl":{"start":{"line":98,"column":26},"end":{"line":98,"column":33}},"loc":{"start":{"line":98,"column":36},"end":{"line":100,"column":9}},"line":98},"22":{"name":"googleAuth","decl":{"start":{"line":108,"column":20},"end":{"line":108,"column":30}},"loc":{"start":{"line":108,"column":33},"end":{"line":112,"column":5}},"line":108},"23":{"name":"login","decl":{"start":{"line":115,"column":20},"end":{"line":115,"column":25}},"loc":{"start":{"line":115,"column":32},"end":{"line":139,"column":5}},"line":115},"24":{"name":"_graphql","decl":{"start":{"line":117,"column":51},"end":{"line":117,"column":59}},"loc":{"start":{"line":117,"column":62},"end":{"line":125,"column":9}},"line":117},"25":{"name":"onCompleted","decl":{"start":{"line":126,"column":30},"end":{"line":126,"column":41}},"loc":{"start":{"line":126,"column":60},"end":{"line":132,"column":9}},"line":126},"26":{"name":"logout","decl":{"start":{"line":142,"column":20},"end":{"line":142,"column":26}},"loc":{"start":{"line":142,"column":29},"end":{"line":166,"column":5}},"line":142},"27":{"name":"_graphql2","decl":{"start":{"line":144,"column":53},"end":{"line":144,"column":62}},"loc":{"start":{"line":144,"column":65},"end":{"line":152,"column":9}},"line":144},"28":{"name":"onCompleted","decl":{"start":{"line":153,"column":30},"end":{"line":153,"column":41}},"loc":{"start":{"line":153,"column":60},"end":{"line":159,"column":9}},"line":153},"29":{"name":"data","decl":{"start":{"line":175,"column":17},"end":{"line":175,"column":21}},"loc":{"start":{"line":175,"column":24},"end":{"line":183,"column":3}},"line":175}},"branchMap":{"0":{"loc":{"start":{"line":20,"column":40},"end":{"line":20,"column":470}},"type":"if","locations":[{"start":{"line":20,"column":40},"end":{"line":20,"column":470}},{"start":{"line":20,"column":40},"end":{"line":20,"column":470}}],"line":20},"1":{"loc":{"start":{"line":20,"column":44},"end":{"line":20,"column":65}},"type":"binary-expr","locations":[{"start":{"line":20,"column":44},"end":{"line":20,"column":47}},{"start":{"line":20,"column":51},"end":{"line":20,"column":65}}],"line":20},"2":{"loc":{"start":{"line":20,"column":107},"end":{"line":20,"column":431}},"type":"if","locations":[{"start":{"line":20,"column":107},"end":{"line":20,"column":431}},{"start":{"line":20,"column":107},"end":{"line":20,"column":431}}],"line":20},"3":{"loc":{"start":{"line":20,"column":149},"end":{"line":20,"column":427}},"type":"if","locations":[{"start":{"line":20,"column":149},"end":{"line":20,"column":427}},{"start":{"line":20,"column":149},"end":{"line":20,"column":427}}],"line":20},"4":{"loc":{"start":{"line":20,"column":214},"end":{"line":20,"column":319}},"type":"cond-expr","locations":[{"start":{"line":20,"column":273},"end":{"line":20,"column":314}},{"start":{"line":20,"column":317},"end":{"line":20,"column":319}}],"line":20},"5":{"loc":{"start":{"line":20,"column":214},"end":{"line":20,"column":270}},"type":"binary-expr","locations":[{"start":{"line":20,"column":214},"end":{"line":20,"column":235}},{"start":{"line":20,"column":239},"end":{"line":20,"column":270}}],"line":20},"6":{"loc":{"start":{"line":20,"column":321},"end":{"line":20,"column":425}},"type":"if","locations":[{"start":{"line":20,"column":321},"end":{"line":20,"column":425}},{"start":{"line":20,"column":321},"end":{"line":20,"column":425}}],"line":20},"7":{"loc":{"start":{"line":20,"column":325},"end":{"line":20,"column":345}},"type":"binary-expr","locations":[{"start":{"line":20,"column":325},"end":{"line":20,"column":333}},{"start":{"line":20,"column":337},"end":{"line":20,"column":345}}],"line":20},"8":{"loc":{"start":{"line":22,"column":24},"end":{"line":22,"column":328}},"type":"if","locations":[{"start":{"line":22,"column":24},"end":{"line":22,"column":328}},{"start":{"line":22,"column":24},"end":{"line":22,"column":328}}],"line":22},"9":{"loc":{"start":{"line":22,"column":28},"end":{"line":22,"column":95}},"type":"binary-expr","locations":[{"start":{"line":22,"column":28},"end":{"line":22,"column":56}},{"start":{"line":22,"column":60},"end":{"line":22,"column":95}}],"line":22},"10":{"loc":{"start":{"line":22,"column":205},"end":{"line":22,"column":322}},"type":"cond-expr","locations":[{"start":{"line":22,"column":301},"end":{"line":22,"column":309}},{"start":{"line":22,"column":312},"end":{"line":22,"column":322}}],"line":22},"11":{"loc":{"start":{"line":22,"column":205},"end":{"line":22,"column":298}},"type":"binary-expr","locations":[{"start":{"line":22,"column":205},"end":{"line":22,"column":208}},{"start":{"line":22,"column":212},"end":{"line":22,"column":240}},{"start":{"line":22,"column":244},"end":{"line":22,"column":270}},{"start":{"line":22,"column":274},"end":{"line":22,"column":298}}],"line":22},"12":{"loc":{"start":{"line":24,"column":50},"end":{"line":24,"column":151}},"type":"if","locations":[{"start":{"line":24,"column":50},"end":{"line":24,"column":151}},{"start":{"line":24,"column":50},"end":{"line":24,"column":151}}],"line":24},"13":{"loc":{"start":{"line":26,"column":136},"end":{"line":26,"column":166}},"type":"binary-expr","locations":[{"start":{"line":26,"column":136},"end":{"line":26,"column":157}},{"start":{"line":26,"column":161},"end":{"line":26,"column":166}}],"line":26},"14":{"loc":{"start":{"line":26,"column":200},"end":{"line":26,"column":254}},"type":"if","locations":[{"start":{"line":26,"column":200},"end":{"line":26,"column":254}},{"start":{"line":26,"column":200},"end":{"line":26,"column":254}}],"line":26},"15":{"loc":{"start":{"line":28,"column":62},"end":{"line":28,"column":131}},"type":"if","locations":[{"start":{"line":28,"column":62},"end":{"line":28,"column":131}},{"start":{"line":28,"column":62},"end":{"line":28,"column":131}}],"line":28},"16":{"loc":{"start":{"line":28,"column":132},"end":{"line":28,"column":193}},"type":"if","locations":[{"start":{"line":28,"column":132},"end":{"line":28,"column":193}},{"start":{"line":28,"column":132},"end":{"line":28,"column":193}}],"line":28},"17":{"loc":{"start":{"line":30,"column":50},"end":{"line":30,"column":138}},"type":"if","locations":[{"start":{"line":30,"column":50},"end":{"line":30,"column":138}},{"start":{"line":30,"column":50},"end":{"line":30,"column":138}}],"line":30},"18":{"loc":{"start":{"line":30,"column":54},"end":{"line":30,"column":120}},"type":"binary-expr","locations":[{"start":{"line":30,"column":54},"end":{"line":30,"column":58}},{"start":{"line":30,"column":63},"end":{"line":30,"column":89}},{"start":{"line":30,"column":93},"end":{"line":30,"column":119}}],"line":30},"19":{"loc":{"start":{"line":32,"column":40},"end":{"line":32,"column":151}},"type":"if","locations":[{"start":{"line":32,"column":40},"end":{"line":32,"column":151}},{"start":{"line":32,"column":40},"end":{"line":32,"column":151}}],"line":32},"20":{"loc":{"start":{"line":34,"column":48},"end":{"line":34,"column":175}},"type":"cond-expr","locations":[{"start":{"line":34,"column":72},"end":{"line":34,"column":93}},{"start":{"line":34,"column":96},"end":{"line":34,"column":175}}],"line":34},"21":{"loc":{"start":{"line":34,"column":133},"end":{"line":34,"column":172}},"type":"binary-expr","locations":[{"start":{"line":34,"column":133},"end":{"line":34,"column":144}},{"start":{"line":34,"column":148},"end":{"line":34,"column":172}}],"line":34},"22":{"loc":{"start":{"line":36,"column":43},"end":{"line":36,"column":182}},"type":"if","locations":[{"start":{"line":36,"column":43},"end":{"line":36,"column":182}},{"start":{"line":36,"column":43},"end":{"line":36,"column":182}}],"line":36},"23":{"loc":{"start":{"line":36,"column":47},"end":{"line":36,"column":102}},"type":"binary-expr","locations":[{"start":{"line":36,"column":47},"end":{"line":36,"column":79}},{"start":{"line":36,"column":83},"end":{"line":36,"column":102}}],"line":36},"24":{"loc":{"start":{"line":36,"column":218},"end":{"line":36,"column":252}},"type":"binary-expr","locations":[{"start":{"line":36,"column":218},"end":{"line":36,"column":228}},{"start":{"line":36,"column":232},"end":{"line":36,"column":252}}],"line":36},"25":{"loc":{"start":{"line":36,"column":329},"end":{"line":36,"column":383}},"type":"if","locations":[{"start":{"line":36,"column":329},"end":{"line":36,"column":383}},{"start":{"line":36,"column":329},"end":{"line":36,"column":383}}],"line":36},"26":{"loc":{"start":{"line":38,"column":51},"end":{"line":38,"column":137}},"type":"binary-expr","locations":[{"start":{"line":38,"column":51},"end":{"line":38,"column":72}},{"start":{"line":38,"column":76},"end":{"line":38,"column":137}}],"line":38},"27":{"loc":{"start":{"line":59,"column":6},"end":{"line":62,"column":7}},"type":"if","locations":[{"start":{"line":59,"column":6},"end":{"line":62,"column":7}},{"start":{"line":59,"column":6},"end":{"line":62,"column":7}}],"line":59},"28":{"loc":{"start":{"line":71,"column":6},"end":{"line":78,"column":7}},"type":"if","locations":[{"start":{"line":71,"column":6},"end":{"line":78,"column":7}},{"start":{"line":71,"column":6},"end":{"line":78,"column":7}}],"line":71},"29":{"loc":{"start":{"line":109,"column":6},"end":{"line":111,"column":7}},"type":"if","locations":[{"start":{"line":109,"column":6},"end":{"line":111,"column":7}},{"start":{"line":109,"column":6},"end":{"line":111,"column":7}}],"line":109},"30":{"loc":{"start":{"line":117,"column":18},"end":{"line":125,"column":10}},"type":"binary-expr","locations":[{"start":{"line":117,"column":18},"end":{"line":117,"column":26}},{"start":{"line":117,"column":31},"end":{"line":125,"column":9}}],"line":117},"31":{"loc":{"start":{"line":120,"column":10},"end":{"line":122,"column":11}},"type":"if","locations":[{"start":{"line":120,"column":10},"end":{"line":122,"column":11}},{"start":{"line":120,"column":10},"end":{"line":122,"column":11}}],"line":120},"32":{"loc":{"start":{"line":120,"column":14},"end":{"line":120,"column":75}},"type":"binary-expr","locations":[{"start":{"line":120,"column":14},"end":{"line":120,"column":23}},{"start":{"line":120,"column":27},"end":{"line":120,"column":75}}],"line":120},"33":{"loc":{"start":{"line":144,"column":18},"end":{"line":152,"column":10}},"type":"binary-expr","locations":[{"start":{"line":144,"column":18},"end":{"line":144,"column":27}},{"start":{"line":144,"column":32},"end":{"line":152,"column":9}}],"line":144},"34":{"loc":{"start":{"line":147,"column":10},"end":{"line":149,"column":11}},"type":"if","locations":[{"start":{"line":147,"column":10},"end":{"line":149,"column":11}},{"start":{"line":147,"column":10},"end":{"line":149,"column":11}}],"line":147},"35":{"loc":{"start":{"line":147,"column":14},"end":{"line":147,"column":75}},"type":"binary-expr","locations":[{"start":{"line":147,"column":14},"end":{"line":147,"column":23}},{"start":{"line":147,"column":27},"end":{"line":147,"column":75}}],"line":147},"36":{"loc":{"start":{"line":178,"column":4},"end":{"line":180,"column":5}},"type":"if","locations":[{"start":{"line":178,"column":4},"end":{"line":180,"column":5}},{"start":{"line":178,"column":4},"end":{"line":180,"column":5}}],"line":178},"37":{"loc":{"start":{"line":178,"column":8},"end":{"line":178,"column":69}},"type":"binary-expr","locations":[{"start":{"line":178,"column":8},"end":{"line":178,"column":17}},{"start":{"line":178,"column":21},"end":{"line":178,"column":69}}],"line":178}},"s":{"0":1,"1":1,"2":1,"3":1,"4":1,"5":1,"6":1,"7":2,"8":0,"9":2,"10":2,"11":2,"12":22,"13":22,"14":22,"15":0,"16":22,"17":2,"18":2,"19":0,"20":0,"21":0,"22":0,"23":0,"24":0,"25":4,"26":0,"27":1,"28":4,"29":4,"30":4,"31":4,"32":4,"33":4,"34":1,"35":1,"36":1,"37":0,"38":1,"39":4,"40":0,"41":4,"42":4,"43":0,"44":4,"45":1,"46":0,"47":1,"48":1,"49":0,"50":1,"51":1,"52":1,"53":1,"54":0,"55":0,"56":1,"57":1,"58":1,"59":4,"60":4,"61":1,"62":4,"63":4,"64":4,"65":0,"66":0,"67":4,"68":0,"69":4,"70":2,"71":0,"72":4,"73":0,"74":0,"75":0,"76":0,"77":0,"78":0,"79":0,"80":0,"81":0,"82":0,"83":0,"84":0,"85":0,"86":0,"87":0,"88":0,"89":0,"90":0,"91":0,"92":1,"93":1,"94":1,"95":1,"96":0,"97":1,"98":1},"f":{"0":2,"1":0,"2":0,"3":0,"4":4,"5":1,"6":1,"7":4,"8":4,"9":1,"10":0,"11":1,"12":1,"13":0,"14":1,"15":4,"16":4,"17":0,"18":0,"19":0,"20":0,"21":0,"22":0,"23":0,"24":0,"25":0,"26":0,"27":0,"28":0,"29":1},"b":{"0":[0,2],"1":[2,2],"2":[2,0],"3":[22,0],"4":[22,0],"5":[22,22],"6":[0,22],"7":[22,22],"8":[0,0],"9":[0,0],"10":[0,0],"11":[0,0,0,0],"12":[0,4],"13":[4,4],"14":[4,0],"15":[1,0],"16":[0,1],"17":[0,4],"18":[4,0,0],"19":[0,4],"20":[1,0],"21":[0,0],"22":[0,1],"23":[1,0],"24":[1,1],"25":[1,0],"26":[1,0],"27":[0,4],"28":[2,2],"29":[0,0],"30":[0,0],"31":[0,0],"32":[0,0],"33":[0,0],"34":[0,0],"35":[0,0],"36":[0,1],"37":[1,1]},"_coverageSchema":"332fd63041d2c1bcb487cc26dd0d5f7d97098a6c","hash":"dae1602cf94c25b85def530fcba21e084b0d41dd"}
,"/home/travis/build/AriChivukula/opinionated.baby/build/2/website/views/__generated__/TopBarQuery.graphql.js": {"path":"/home/travis/build/AriChivukula/opinionated.baby/build/2/website/views/__generated__/TopBarQuery.graphql.js","statementMap":{"0":{"start":{"line":23,"column":2},"end":{"line":57,"column":1}},"1":{"start":{"line":59,"column":0},"end":{"line":61,"column":43}},"2":{"start":{"line":62,"column":0},"end":{"line":62,"column":22}}},"fnMap":{},"branchMap":{},"s":{"0":1,"1":1,"2":1},"f":{},"b":{},"_coverageSchema":"332fd63041d2c1bcb487cc26dd0d5f7d97098a6c","hash":"fc83e52fe4ec31b3f2499a4a309c9ead26d48fe8"}
}
