TN:
SF:/home/travis/build/AriChivukula/opinionated.baby/build/2/website/util.js
FN:15,goto
FNF:1
FNH:0
FNDA:0,goto
DA:3,1
DA:6,1
DA:16,0
DA:19,0
DA:21,0
DA:23,0
LF:6
LH:2
BRDA:16,0,0,0
BRDA:16,0,1,0
BRDA:16,1,0,0
BRDA:16,1,1,0
BRDA:19,2,0,0
BRDA:19,2,1,0
BRF:6
BRH:0
end_of_record
TN:
SF:/home/travis/build/AriChivukula/opinionated.baby/build/2/website/views/Content.js
FN:20,_interopRequireWildcard
FN:155,_Content
FN:169,onClick
FN:177,(anonymous_3)
FN:184,onClick
FN:208,onClick
FN:216,(anonymous_6)
FN:221,onClick
FNF:8
FNH:4
FNDA:1,_interopRequireWildcard
FNDA:4,_Content
FNDA:0,onClick
FNDA:64,(anonymous_3)
FNDA:0,onClick
FNDA:0,onClick
FNDA:40,(anonymous_6)
FNDA:0,onClick
DA:3,1
DA:6,1
DA:8,1
DA:10,1
DA:12,1
DA:14,1
DA:16,1
DA:18,1
DA:20,16
DA:31,1
DA:112,1
DA:157,4
DA:170,0
DA:178,64
DA:185,0
DA:209,0
DA:217,40
DA:222,0
LF:18
LH:14
BRDA:20,0,0,0
BRDA:20,0,1,1
BRDA:20,1,0,1
BRDA:20,1,1,1
BRDA:20,2,0,1
BRDA:20,2,1,0
BRDA:20,3,0,16
BRDA:20,3,1,0
BRDA:20,4,0,16
BRDA:20,4,1,0
BRDA:20,5,0,16
BRDA:20,5,1,16
BRDA:20,6,0,0
BRDA:20,6,1,16
BRDA:20,7,0,16
BRDA:20,7,1,16
BRF:16
BRH:11
end_of_record
TN:
SF:/home/travis/build/AriChivukula/opinionated.baby/build/2/website/views/FourOhFour.js
FN:14,_interopRequireWildcard
FN:27,_FourOhFour
FNF:2
FNH:2
FNDA:1,_interopRequireWildcard
FNDA:2,_FourOhFour
DA:3,1
DA:6,1
DA:8,1
DA:10,1
DA:12,1
DA:14,16
DA:29,2
LF:7
LH:7
BRDA:14,0,0,0
BRDA:14,0,1,1
BRDA:14,1,0,1
BRDA:14,1,1,1
BRDA:14,2,0,1
BRDA:14,2,1,0
BRDA:14,3,0,16
BRDA:14,3,1,0
BRDA:14,4,0,16
BRDA:14,4,1,0
BRDA:14,5,0,16
BRDA:14,5,1,16
BRDA:14,6,0,0
BRDA:14,6,1,16
BRDA:14,7,0,16
BRDA:14,7,1,16
BRF:16
BRH:11
end_of_record
TN:
SF:/home/travis/build/AriChivukula/opinionated.baby/build/2/website/views/Page.js
FN:16,_interopRequireWildcard
FN:18,_typeof
FN:18,_typeof
FN:18,_typeof
FN:20,_classCallCheck
FN:22,_defineProperties
FN:24,_createClass
FN:26,_possibleConstructorReturn
FN:28,_assertThisInitialized
FN:30,_getPrototypeOf
FN:30,_getPrototypeOf
FN:32,_inherits
FN:34,_setPrototypeOf
FN:34,_setPrototypeOf
FN:38,(anonymous_14)
FN:41,_Page
FN:49,render
FNF:17
FNH:12
FNDA:1,_interopRequireWildcard
FNDA:0,_typeof
FNDA:0,_typeof
FNDA:0,_typeof
FNDA:6,_classCallCheck
FNDA:1,_defineProperties
FNDA:1,_createClass
FNDA:6,_possibleConstructorReturn
FNDA:6,_assertThisInitialized
FNDA:1,_getPrototypeOf
FNDA:0,_getPrototypeOf
FNDA:1,_inherits
FNDA:1,_setPrototypeOf
FNDA:0,_setPrototypeOf
FNDA:1,(anonymous_14)
FNDA:6,_Page
FNDA:6,render
DA:3,1
DA:6,1
DA:8,1
DA:10,1
DA:12,1
DA:14,1
DA:16,16
DA:18,0
DA:20,6
DA:22,1
DA:24,1
DA:26,6
DA:28,6
DA:30,1
DA:32,1
DA:34,1
DA:38,1
DA:39,1
DA:42,6
DA:44,6
DA:47,1
DA:51,6
DA:53,6
DA:54,2
DA:57,4
DA:58,0
DA:62,4
DA:69,1
DA:72,1
LF:29
LH:27
BRDA:16,0,0,0
BRDA:16,0,1,1
BRDA:16,1,0,1
BRDA:16,1,1,1
BRDA:16,2,0,1
BRDA:16,2,1,0
BRDA:16,3,0,16
BRDA:16,3,1,0
BRDA:16,4,0,16
BRDA:16,4,1,0
BRDA:16,5,0,16
BRDA:16,5,1,16
BRDA:16,6,0,0
BRDA:16,6,1,16
BRDA:16,7,0,16
BRDA:16,7,1,16
BRDA:18,8,0,0
BRDA:18,8,1,0
BRDA:18,9,0,0
BRDA:18,9,1,0
BRDA:18,10,0,0
BRDA:18,10,1,0
BRDA:18,11,0,0
BRDA:18,11,1,0
BRDA:18,11,2,0
BRDA:18,11,3,0
BRDA:20,12,0,0
BRDA:20,12,1,6
BRDA:22,13,0,1
BRDA:22,13,1,1
BRDA:22,14,0,1
BRDA:22,14,1,0
BRDA:24,15,0,1
BRDA:24,15,1,0
BRDA:24,16,0,0
BRDA:24,16,1,1
BRDA:26,17,0,0
BRDA:26,17,1,6
BRDA:26,18,0,6
BRDA:26,18,1,0
BRDA:26,18,2,0
BRDA:28,19,0,0
BRDA:28,19,1,6
BRDA:30,20,0,1
BRDA:30,20,1,0
BRDA:30,21,0,0
BRDA:30,21,1,0
BRDA:32,22,0,0
BRDA:32,22,1,1
BRDA:32,23,0,1
BRDA:32,23,1,0
BRDA:32,24,0,1
BRDA:32,24,1,1
BRDA:32,25,0,1
BRDA:32,25,1,0
BRDA:34,26,0,1
BRDA:34,26,1,0
BRDA:53,27,0,2
BRDA:53,27,1,4
BRDA:57,28,0,0
BRDA:57,28,1,4
BRF:61
BRH:30
end_of_record
TN:
SF:/home/travis/build/AriChivukula/opinionated.baby/build/2/website/views/TopBar.js
FN:20,_interopRequireWildcard
FN:22,_typeof
FN:22,_typeof
FN:22,_typeof
FN:24,_classCallCheck
FN:26,_defineProperties
FN:28,_createClass
FN:30,_possibleConstructorReturn
FN:32,_assertThisInitialized
FN:34,_getPrototypeOf
FN:34,_getPrototypeOf
FN:36,_inherits
FN:38,_setPrototypeOf
FN:38,_setPrototypeOf
FN:42,(anonymous_14)
FN:45,__TopBar
FN:53,render
FN:66,onClick
FN:74,onClick
FN:86,onClick
FN:93,onClick
FN:98,onClick
FN:108,googleAuth
FN:115,login
FN:117,_graphql
FN:126,onCompleted
FN:142,logout
FN:144,_graphql2
FN:153,onCompleted
FN:175,data
FNF:30
FNH:13
FNDA:2,_interopRequireWildcard
FNDA:0,_typeof
FNDA:0,_typeof
FNDA:0,_typeof
FNDA:4,_classCallCheck
FNDA:1,_defineProperties
FNDA:1,_createClass
FNDA:4,_possibleConstructorReturn
FNDA:4,_assertThisInitialized
FNDA:1,_getPrototypeOf
FNDA:0,_getPrototypeOf
FNDA:1,_inherits
FNDA:1,_setPrototypeOf
FNDA:0,_setPrototypeOf
FNDA:1,(anonymous_14)
FNDA:4,__TopBar
FNDA:4,render
FNDA:0,onClick
FNDA:0,onClick
FNDA:0,onClick
FNDA:0,onClick
FNDA:0,onClick
FNDA:0,googleAuth
FNDA:0,login
FNDA:0,_graphql
FNDA:0,onCompleted
FNDA:0,logout
FNDA:0,_graphql2
FNDA:0,onCompleted
FNDA:1,data
DA:3,1
DA:6,1
DA:8,1
DA:10,1
DA:12,1
DA:14,1
DA:16,1
DA:20,22
DA:22,0
DA:24,4
DA:26,4
DA:28,1
DA:30,4
DA:32,4
DA:34,1
DA:36,1
DA:38,1
DA:42,1
DA:43,1
DA:46,4
DA:48,4
DA:51,1
DA:54,4
DA:57,4
DA:59,4
DA:60,0
DA:61,0
DA:64,4
DA:67,0
DA:71,4
DA:72,2
DA:75,0
DA:80,4
DA:87,0
DA:94,0
DA:99,0
DA:109,0
DA:110,0
DA:116,0
DA:118,0
DA:120,0
DA:121,0
DA:124,0
DA:127,0
DA:131,0
DA:143,0
DA:145,0
DA:147,0
DA:148,0
DA:151,0
DA:154,0
DA:158,0
DA:169,1
DA:172,1
DA:176,1
DA:178,1
DA:179,0
DA:182,1
DA:186,1
LF:59
LH:34
BRDA:20,0,0,0
BRDA:20,0,1,2
BRDA:20,1,0,2
BRDA:20,1,1,2
BRDA:20,2,0,2
BRDA:20,2,1,0
BRDA:20,3,0,22
BRDA:20,3,1,0
BRDA:20,4,0,22
BRDA:20,4,1,0
BRDA:20,5,0,22
BRDA:20,5,1,22
BRDA:20,6,0,0
BRDA:20,6,1,22
BRDA:20,7,0,22
BRDA:20,7,1,22
BRDA:22,8,0,0
BRDA:22,8,1,0
BRDA:22,9,0,0
BRDA:22,9,1,0
BRDA:22,10,0,0
BRDA:22,10,1,0
BRDA:22,11,0,0
BRDA:22,11,1,0
BRDA:22,11,2,0
BRDA:22,11,3,0
BRDA:24,12,0,0
BRDA:24,12,1,4
BRDA:26,13,0,4
BRDA:26,13,1,4
BRDA:26,14,0,4
BRDA:26,14,1,0
BRDA:28,15,0,1
BRDA:28,15,1,0
BRDA:28,16,0,0
BRDA:28,16,1,1
BRDA:30,17,0,0
BRDA:30,17,1,4
BRDA:30,18,0,4
BRDA:30,18,1,0
BRDA:30,18,2,0
BRDA:32,19,0,0
BRDA:32,19,1,4
BRDA:34,20,0,1
BRDA:34,20,1,0
BRDA:34,21,0,0
BRDA:34,21,1,0
BRDA:36,22,0,0
BRDA:36,22,1,1
BRDA:36,23,0,1
BRDA:36,23,1,0
BRDA:36,24,0,1
BRDA:36,24,1,1
BRDA:36,25,0,1
BRDA:36,25,1,0
BRDA:38,26,0,1
BRDA:38,26,1,0
BRDA:59,27,0,0
BRDA:59,27,1,4
BRDA:71,28,0,2
BRDA:71,28,1,2
BRDA:109,29,0,0
BRDA:109,29,1,0
BRDA:117,30,0,0
BRDA:117,30,1,0
BRDA:120,31,0,0
BRDA:120,31,1,0
BRDA:120,32,0,0
BRDA:120,32,1,0
BRDA:144,33,0,0
BRDA:144,33,1,0
BRDA:147,34,0,0
BRDA:147,34,1,0
BRDA:147,35,0,0
BRDA:147,35,1,0
BRDA:178,36,0,0
BRDA:178,36,1,1
BRDA:178,37,0,1
BRDA:178,37,1,1
BRF:79
BRH:33
end_of_record
TN:
SF:/home/travis/build/AriChivukula/opinionated.baby/build/2/website/views/__generated__/TopBarQuery.graphql.js
FNF:0
FNH:0
DA:23,1
DA:59,1
DA:62,1
LF:3
LH:3
BRF:0
BRH:0
end_of_record
